0 info it worked if it ends with ok
1 verbose cli [ '/usr/local/Cellar/node/5.10.1/bin/node',
1 verbose cli   '/usr/local/bin/npm',
1 verbose cli   'run',
1 verbose cli   'test:watch' ]
2 info using npm@3.8.3
3 info using node@v5.10.1
4 verbose run-script [ 'pretest:watch', 'test:watch', 'posttest:watch' ]
5 info lifecycle meshblu-netscaler-connector@1.0.0~pretest:watch: meshblu-netscaler-connector@1.0.0
6 silly lifecycle meshblu-netscaler-connector@1.0.0~pretest:watch: no script for pretest:watch, continuing
7 info lifecycle meshblu-netscaler-connector@1.0.0~test:watch: meshblu-netscaler-connector@1.0.0
8 verbose lifecycle meshblu-netscaler-connector@1.0.0~test:watch: unsafe-perm in lifecycle true
9 verbose lifecycle meshblu-netscaler-connector@1.0.0~test:watch: PATH: /usr/local/lib/node_modules/npm/bin/node-gyp-bin:/Users/koshin/Projects/Octoblu/meshblu-netscaler-connector/node_modules/.bin:/usr/local/Cellar/node/5.10.1/bin:/Users/koshin/.rbenv/shims:/Users/koshin/bin:/usr/local/bin:/usr/bin:/bin:/usr/sbin:/sbin:/opt/X11/bin:/usr/local/go/bin:/Users/koshin/Projects/go/bin:/opt/node/bin:/opt/phantomjs/bin:/usr/local/opt/go/libexec/bin:/Users/koshin/.go/bin
10 verbose lifecycle meshblu-netscaler-connector@1.0.0~test:watch: CWD: /Users/koshin/Projects/Octoblu/meshblu-netscaler-connector
11 silly lifecycle meshblu-netscaler-connector@1.0.0~test:watch: Args: [ '-c', 'mocha -w' ]
12 silly lifecycle meshblu-netscaler-connector@1.0.0~test:watch: Returned: code: 1  signal: null
13 info lifecycle meshblu-netscaler-connector@1.0.0~test:watch: Failed to exec test:watch script
14 verbose stack Error: meshblu-netscaler-connector@1.0.0 test:watch: `mocha -w`
14 verbose stack Exit status 1
14 verbose stack     at EventEmitter.<anonymous> (/usr/local/lib/node_modules/npm/lib/utils/lifecycle.js:239:16)
14 verbose stack     at emitTwo (events.js:100:13)
14 verbose stack     at EventEmitter.emit (events.js:185:7)
14 verbose stack     at ChildProcess.<anonymous> (/usr/local/lib/node_modules/npm/lib/utils/spawn.js:24:14)
14 verbose stack     at emitTwo (events.js:100:13)
14 verbose stack     at ChildProcess.emit (events.js:185:7)
14 verbose stack     at maybeClose (internal/child_process.js:850:16)
14 verbose stack     at Process.ChildProcess._handle.onexit (internal/child_process.js:215:5)
15 verbose pkgid meshblu-netscaler-connector@1.0.0
16 verbose cwd /Users/koshin/Projects/Octoblu/meshblu-netscaler-connector
17 error Darwin 15.4.0
18 error argv "/usr/local/Cellar/node/5.10.1/bin/node" "/usr/local/bin/npm" "run" "test:watch"
19 error node v5.10.1
20 error npm  v3.8.3
21 error code ELIFECYCLE
22 error meshblu-netscaler-connector@1.0.0 test:watch: `mocha -w`
22 error Exit status 1
23 error Failed at the meshblu-netscaler-connector@1.0.0 test:watch script 'mocha -w'.
23 error Make sure you have the latest version of node.js and npm installed.
23 error If you do, this is most likely a problem with the meshblu-netscaler-connector package,
23 error not with npm itself.
23 error Tell the author that this fails on your system:
23 error     mocha -w
23 error You can get information on how to open an issue for this project with:
23 error     npm bugs meshblu-netscaler-connector
23 error Or if that isn't available, you can get their info via:
23 error     npm owner ls meshblu-netscaler-connector
23 error There is likely additional logging output above.
24 verbose exit [ 1, true ]
